{"C:\\Aditiya\\namaste-react\\ReactLearningCurve\\src\\components\\Header.js": {"path":"C:\\Aditiya\\namaste-react\\ReactLearningCurve\\src\\components\\Header.js","statementMap":{"0":{"start":{"line":9,"column":14},"end":{"line":15,"column":1}},"1":{"start":{"line":10,"column":2},"end":{"line":14,"column":4}},"2":{"start":{"line":17,"column":15},"end":{"line":55,"column":1}},"3":{"start":{"line":18,"column":38},"end":{"line":18,"column":53}},"4":{"start":{"line":20,"column":20},"end":{"line":20,"column":60}},"5":{"start":{"line":20,"column":43},"end":{"line":20,"column":59}},"6":{"start":{"line":22,"column":2},"end":{"line":54,"column":4}},"7":{"start":{"line":46,"column":39},"end":{"line":46,"column":59}},"8":{"start":{"line":48,"column":39},"end":{"line":48,"column":58}}},"fnMap":{"0":{"name":"(anonymous_0)","decl":{"start":{"line":9,"column":14},"end":{"line":9,"column":15}},"loc":{"start":{"line":9,"column":20},"end":{"line":15,"column":1}},"line":9},"1":{"name":"(anonymous_1)","decl":{"start":{"line":17,"column":15},"end":{"line":17,"column":16}},"loc":{"start":{"line":17,"column":21},"end":{"line":55,"column":1}},"line":17},"2":{"name":"(anonymous_2)","decl":{"start":{"line":20,"column":32},"end":{"line":20,"column":33}},"loc":{"start":{"line":20,"column":43},"end":{"line":20,"column":59}},"line":20},"3":{"name":"(anonymous_3)","decl":{"start":{"line":46,"column":33},"end":{"line":46,"column":34}},"loc":{"start":{"line":46,"column":39},"end":{"line":46,"column":59}},"line":46},"4":{"name":"(anonymous_4)","decl":{"start":{"line":48,"column":33},"end":{"line":48,"column":34}},"loc":{"start":{"line":48,"column":39},"end":{"line":48,"column":58}},"line":48}},"branchMap":{"0":{"loc":{"start":{"line":45,"column":13},"end":{"line":49,"column":13}},"type":"cond-expr","locations":[{"start":{"line":46,"column":14},"end":{"line":46,"column":78}},{"start":{"line":48,"column":14},"end":{"line":48,"column":76}}],"line":45}},"s":{"0":1,"1":1,"2":1,"3":1,"4":1,"5":1,"6":1,"7":0,"8":0},"f":{"0":1,"1":1,"2":1,"3":0,"4":0},"b":{"0":[0,1]},"_coverageSchema":"1a1c01bbd47fc00a2c39e90264f33305004495a9","hash":"dbd1aca1c94b01a25f7b023feefa8c356adb117e"}
,"C:\\Aditiya\\namaste-react\\ReactLearningCurve\\src\\components\\sum.js": {"path":"C:\\Aditiya\\namaste-react\\ReactLearningCurve\\src\\components\\sum.js","statementMap":{"0":{"start":{"line":1,"column":19},"end":{"line":1,"column":34}},"1":{"start":{"line":1,"column":29},"end":{"line":1,"column":34}}},"fnMap":{"0":{"name":"(anonymous_0)","decl":{"start":{"line":1,"column":19},"end":{"line":1,"column":20}},"loc":{"start":{"line":1,"column":29},"end":{"line":1,"column":34}},"line":1}},"branchMap":{},"s":{"0":1,"1":1},"f":{"0":1},"b":{},"_coverageSchema":"1a1c01bbd47fc00a2c39e90264f33305004495a9","hash":"a129c397135f8c3cf25f0df980d4278ef9710ceb"}
,"C:\\Aditiya\\namaste-react\\ReactLearningCurve\\src\\mocks\\dummyLogo.js": {"path":"C:\\Aditiya\\namaste-react\\ReactLearningCurve\\src\\mocks\\dummyLogo.js","statementMap":{},"fnMap":{},"branchMap":{},"s":{},"f":{},"b":{},"_coverageSchema":"1a1c01bbd47fc00a2c39e90264f33305004495a9","hash":"5b91ca04c0aff4b63de55bfad1ff1cbfd40abc36"}
,"C:\\Aditiya\\namaste-react\\ReactLearningCurve\\src\\utils\\cartSlice.js": {"path":"C:\\Aditiya\\namaste-react\\ReactLearningCurve\\src\\utils\\cartSlice.js","statementMap":{"0":{"start":{"line":3,"column":18},"end":{"line":21,"column":2}},"1":{"start":{"line":12,"column":6},"end":{"line":12,"column":39}},"2":{"start":{"line":15,"column":6},"end":{"line":15,"column":24}},"3":{"start":{"line":18,"column":6},"end":{"line":18,"column":23}},"4":{"start":{"line":24,"column":50},"end":{"line":24,"column":67}}},"fnMap":{"0":{"name":"(anonymous_0)","decl":{"start":{"line":11,"column":13},"end":{"line":11,"column":14}},"loc":{"start":{"line":11,"column":32},"end":{"line":13,"column":5}},"line":11},"1":{"name":"(anonymous_1)","decl":{"start":{"line":14,"column":16},"end":{"line":14,"column":17}},"loc":{"start":{"line":14,"column":35},"end":{"line":16,"column":5}},"line":14},"2":{"name":"(anonymous_2)","decl":{"start":{"line":17,"column":15},"end":{"line":17,"column":16}},"loc":{"start":{"line":17,"column":26},"end":{"line":19,"column":5}},"line":17}},"branchMap":{},"s":{"0":1,"1":0,"2":0,"3":0,"4":1},"f":{"0":0,"1":0,"2":0},"b":{},"_coverageSchema":"1a1c01bbd47fc00a2c39e90264f33305004495a9","hash":"8331027f164dca15bf4640a629de60e092748a95"}
,"C:\\Aditiya\\namaste-react\\ReactLearningCurve\\src\\utils\\store.js": {"path":"C:\\Aditiya\\namaste-react\\ReactLearningCurve\\src\\utils\\store.js","statementMap":{"0":{"start":{"line":5,"column":14},"end":{"line":9,"column":2}}},"fnMap":{},"branchMap":{},"s":{"0":1},"f":{},"b":{},"_coverageSchema":"1a1c01bbd47fc00a2c39e90264f33305004495a9","hash":"c30fa16e3578524e64366f87dd59378acbafbc75"}
}
